<?xml version="1.0" encoding="UTF-8"?>
<!-- Generated by org.testng.reporters.JUnitReportReporter -->
<testsuite hostname="IBM-PF34G18W" failures="0" tests="2" name="test.TC_01_ServiceNow_Login_Positive_Negative" time="12.941" errors="0" timestamp="2022-12-06T14:21:40 IST" skipped="0">
  <testcase classname="test.TC_01_ServiceNow_Login_Positive_Negative" name="negativeLogin" time="3.790"/>
  <system-out/>
  <testcase classname="test.TC_01_ServiceNow_Login_Positive_Negative" name="positiveLogin" time="9.151"/>
  <system-out/>
</testsuite> <!-- test.TC_01_ServiceNow_Login_Positive_Negative -->
